<?xml version="1.0" encoding="UTF-8"?>
<!-- Generated by org.testng.reporters.JUnitReportReporter -->
<testsuite hostname="Cristina" failures="0" tests="1" name="rahulshettyacademy.tests.ErrorValidations" time="5.630" errors="0" timestamp="2023-08-25T18:46:11 EEST" skipped="0">
  <testcase classname="rahulshettyacademy.tests.ErrorValidations" name="submitOrder" time="5.630"/>
</testsuite> <!-- rahulshettyacademy.tests.ErrorValidations -->
