<?xml version="1.0" encoding="UTF-8"?>
<!-- Generated by org.testng.reporters.JUnitReportReporter -->
<testsuite hostname="Cristina" failures="0" tests="3" name="rahulshettyacademy.tests.SubmitOrderTest" time="20.850" errors="0" timestamp="2023-08-28T19:11:03 EEST" skipped="0">
  <testcase classname="rahulshettyacademy.tests.SubmitOrderTest" name="submitOrder" time="8.138"/>
  <testcase classname="rahulshettyacademy.tests.SubmitOrderTest" name="submitOrder" time="7.718"/>
  <testcase classname="rahulshettyacademy.tests.SubmitOrderTest" name="OrderHistoryTest" time="4.994"/>
</testsuite> <!-- rahulshettyacademy.tests.SubmitOrderTest -->
