<?xml version="1.0" encoding="UTF-8"?>
<!-- Generated by org.testng.reporters.JUnitReportReporter -->
<testsuite hostname="Cristina" failures="0" tests="1" name="cucumber.TestNGTestRunner" time="7.928" errors="0" timestamp="2023-08-30T15:30:00 EEST" skipped="0">
  <testcase classname="cucumber.TestNGTestRunner" name="runScenario" time="7.928"/>
</testsuite> <!-- cucumber.TestNGTestRunner -->
