<?xml version="1.0" encoding="UTF-8"?>
<!-- Generated by org.testng.reporters.JUnitReportReporter -->
<testsuite hostname="Cristina" failures="0" tests="1" name="cucumber.TestNGTestRunner" time="8.284" errors="0" timestamp="2023-08-30T15:39:17 EEST" skipped="0">
  <testcase classname="cucumber.TestNGTestRunner" name="runScenario" time="8.284"/>
</testsuite> <!-- cucumber.TestNGTestRunner -->
